opt
home
etc/passwd
etc/shadow
usr/local/etc/dropbear/dropbear_dss_host_key
usr/local/etc/dropbear/dropbear_rsa_host_key
usr/local/sbin/config.cfg
usr/local/sbin/piversion.cfg
usr/local/sbin/picoreplayer
etc/group
etc/modprobe.conf
etc/asound.conf
var/lib/alsa/asound.state
usr/local/etc/init.d/squeezelite_initd
usr/local/etc/init.d/oliweb_initd
usr/local/etc/init.d/squeezelite
usr/local/etc/init.d/httpd
usr/local/sbin/set_alsa.sh
usr/local/sbin/set_buffer.sh
usr/local/sbin/set_codec.sh
usr/local/sbin/set_loglevel.sh
usr/local/sbin/set_mac_add.sh
usr/local/sbin/set_maxrate.sh
usr/local/sbin/set_name.sh
usr/local/sbin/Set_nrPacks.sh
usr/local/sbin/set_output.sh
usr/local/sbin/set_priority.sh
usr/local/sbin/set_server.sh
usr/local/sbin/settings_menu.sh
usr/local/sbin/updates_sql.sh
usr/local/sbin/upsample.sh
usr/local/sbin/wifi_picoreplayer.sh
usr/local/sbin/set_wifi.sh
etc/sysconfig/timezone
var/spool/cron/crontabs
var/lib/alsa/asound.state
