opt
home
etc/asound.conf
etc/group
etc/gshadow
etc/passwd
etc/shadow
etc/wpa_supplicant.conf
usr/local/etc/pointercal
usr/local/etc/ssh/ssh_host_dsa_key
usr/local/etc/ssh/ssh_host_dsa_key.pub
usr/local/etc/ssh/ssh_host_ecdsa_key
usr/local/etc/ssh/ssh_host_ecdsa_key.pub
usr/local/etc/ssh/ssh_host_ed25519_key
usr/local/etc/ssh/ssh_host_ed25519_key.pub
usr/local/etc/ssh/ssh_host_rsa_key
usr/local/etc/ssh/ssh_host_rsa_key.pub
usr/local/etc/pcp
usr/local/sbin/config.cfg
usr/local/sbin/piversion.cfg
var/lib/alsa/asound.state
var/spool/cron/crontabs
